
2018-08-25 18:12:03 Commons Daemon procrun stderr initialized
25-Aug-2018 18:12:05.575 정보 [main] org.apache.catalina.startup.VersionLoggerListener.log Server version:        Apache Tomcat/9.0.11
25-Aug-2018 18:12:05.585 정보 [main] org.apache.catalina.startup.VersionLoggerListener.log Server built:          Aug 11 2018 19:47:23 UTC
25-Aug-2018 18:12:05.585 정보 [main] org.apache.catalina.startup.VersionLoggerListener.log Server number:         9.0.11.0
25-Aug-2018 18:12:05.586 정보 [main] org.apache.catalina.startup.VersionLoggerListener.log OS Name:               Windows 10
25-Aug-2018 18:12:05.589 정보 [main] org.apache.catalina.startup.VersionLoggerListener.log OS Version:            10.0
25-Aug-2018 18:12:05.589 정보 [main] org.apache.catalina.startup.VersionLoggerListener.log Architecture:          amd64
25-Aug-2018 18:12:05.589 정보 [main] org.apache.catalina.startup.VersionLoggerListener.log Java Home:             C:\Program Files\Java\jre-10.0.2
25-Aug-2018 18:12:05.590 정보 [main] org.apache.catalina.startup.VersionLoggerListener.log JVM Version:           10.0.2+13
25-Aug-2018 18:12:05.590 정보 [main] org.apache.catalina.startup.VersionLoggerListener.log JVM Vendor:            "Oracle Corporation"
25-Aug-2018 18:12:05.590 정보 [main] org.apache.catalina.startup.VersionLoggerListener.log CATALINA_BASE:         C:\Jsp\Tomcat 9.0
25-Aug-2018 18:12:05.590 정보 [main] org.apache.catalina.startup.VersionLoggerListener.log CATALINA_HOME:         C:\Jsp\Tomcat 9.0
25-Aug-2018 18:12:05.591 정보 [main] org.apache.catalina.startup.VersionLoggerListener.log Command line argument: -Dcatalina.home=C:\Jsp\Tomcat 9.0
25-Aug-2018 18:12:05.591 정보 [main] org.apache.catalina.startup.VersionLoggerListener.log Command line argument: -Dcatalina.base=C:\Jsp\Tomcat 9.0
25-Aug-2018 18:12:05.592 정보 [main] org.apache.catalina.startup.VersionLoggerListener.log Command line argument: -Djava.io.tmpdir=C:\Jsp\Tomcat 9.0\temp
25-Aug-2018 18:12:05.592 정보 [main] org.apache.catalina.startup.VersionLoggerListener.log Command line argument: -Djava.util.logging.manager=org.apache.juli.ClassLoaderLogManager
25-Aug-2018 18:12:05.592 정보 [main] org.apache.catalina.startup.VersionLoggerListener.log Command line argument: -Djava.util.logging.config.file=C:\Jsp\Tomcat 9.0\conf\logging.properties
25-Aug-2018 18:12:05.592 정보 [main] org.apache.catalina.startup.VersionLoggerListener.log Command line argument: --add-opens=java.base/java.lang=ALL-UNNAMED
25-Aug-2018 18:12:05.592 정보 [main] org.apache.catalina.startup.VersionLoggerListener.log Command line argument: --add-opens=java.base/java.io=ALL-UNNAMED
25-Aug-2018 18:12:05.592 정보 [main] org.apache.catalina.startup.VersionLoggerListener.log Command line argument: --add-opens=java.rmi/sun.rmi.transport=ALL-UNNAMED
25-Aug-2018 18:12:05.593 정보 [main] org.apache.catalina.startup.VersionLoggerListener.log Command line argument: exit
25-Aug-2018 18:12:05.593 정보 [main] org.apache.catalina.startup.VersionLoggerListener.log Command line argument: abort
25-Aug-2018 18:12:05.593 정보 [main] org.apache.catalina.startup.VersionLoggerListener.log Command line argument: -Xms128m
25-Aug-2018 18:12:05.593 정보 [main] org.apache.catalina.startup.VersionLoggerListener.log Command line argument: -Xmx256m
25-Aug-2018 18:12:05.593 정보 [main] org.apache.catalina.core.AprLifecycleListener.lifecycleEvent The APR based Apache Tomcat Native library which allows optimal performance in production environments was not found on the java.library.path: [C:\Jsp\Tomcat 9.0\bin;C:\WINDOWS\Sun\Java\bin;C:\WINDOWS\system32;C:\WINDOWS;C:\Program Files (x86)\Common Files\Oracle\Java\javapath;C:\Program Files (x86)\Intel\iCLS Client\;C:\Program Files\Intel\iCLS Client\;C:\WINDOWS\system32;C:\WINDOWS;C:\WINDOWS\System32\Wbem;C:\WINDOWS\System32\WindowsPowerShell\v1.0\;C:\Program Files (x86)\Intel\Intel(R) Management Engine Components\DAL;C:\Program Files\Intel\Intel(R) Management Engine Components\DAL;C:\Program Files (x86)\Intel\Intel(R) Management Engine Components\IPT;C:\Program Files\Intel\Intel(R) Management Engine Components\IPT;C:\WINDOWS\System32\OpenSSH\;C:\WINDOWS\system32\config\systemprofile\AppData\Local\Microsoft\WindowsApps;.]
25-Aug-2018 18:12:05.675 정보 [main] org.apache.coyote.AbstractProtocol.init Initializing ProtocolHandler ["http-nio-8080"]
25-Aug-2018 18:12:06.099 정보 [main] org.apache.tomcat.util.net.NioSelectorPool.getSharedSelector Using a shared selector for servlet write/read
25-Aug-2018 18:12:06.110 정보 [main] org.apache.coyote.AbstractProtocol.init Initializing ProtocolHandler ["ajp-nio-8009"]
25-Aug-2018 18:12:06.115 정보 [main] org.apache.tomcat.util.net.NioSelectorPool.getSharedSelector Using a shared selector for servlet write/read
25-Aug-2018 18:12:06.116 정보 [main] org.apache.catalina.startup.Catalina.load Initialization processed in 1391 ms
25-Aug-2018 18:12:06.233 정보 [main] org.apache.catalina.core.StandardService.startInternal Starting service [Catalina]
25-Aug-2018 18:12:06.234 정보 [main] org.apache.catalina.core.StandardEngine.startInternal Starting Servlet Engine: Apache Tomcat/9.0.11
25-Aug-2018 18:12:06.252 정보 [main] org.apache.catalina.startup.HostConfig.deployDirectory Deploying web application directory [C:\Jsp\Tomcat 9.0\webapps\docs]
25-Aug-2018 18:12:07.062 경고 [main] org.apache.catalina.util.SessionIdGeneratorBase.createSecureRandom Creation of SecureRandom instance for session ID generation using [SHA1PRNG] took [202] milliseconds.
25-Aug-2018 18:12:07.090 정보 [main] org.apache.catalina.startup.HostConfig.deployDirectory Deployment of web application directory [C:\Jsp\Tomcat 9.0\webapps\docs] has finished in [838] ms
25-Aug-2018 18:12:07.091 정보 [main] org.apache.catalina.startup.HostConfig.deployDirectory Deploying web application directory [C:\Jsp\Tomcat 9.0\webapps\manager]
25-Aug-2018 18:12:07.168 정보 [main] org.apache.catalina.startup.HostConfig.deployDirectory Deployment of web application directory [C:\Jsp\Tomcat 9.0\webapps\manager] has finished in [77] ms
25-Aug-2018 18:12:07.168 정보 [main] org.apache.catalina.startup.HostConfig.deployDirectory Deploying web application directory [C:\Jsp\Tomcat 9.0\webapps\ROOT]
25-Aug-2018 18:12:07.222 정보 [main] org.apache.catalina.startup.HostConfig.deployDirectory Deployment of web application directory [C:\Jsp\Tomcat 9.0\webapps\ROOT] has finished in [54] ms
25-Aug-2018 18:12:07.227 정보 [main] org.apache.coyote.AbstractProtocol.start Starting ProtocolHandler ["http-nio-8080"]
25-Aug-2018 18:12:07.243 정보 [main] org.apache.coyote.AbstractProtocol.start Starting ProtocolHandler ["ajp-nio-8009"]
25-Aug-2018 18:12:07.247 정보 [main] org.apache.catalina.startup.Catalina.start Server startup in 1130 ms
25-Aug-2018 18:12:25.030 정보 [Thread-5] org.apache.coyote.AbstractProtocol.pause Pausing ProtocolHandler ["http-nio-8080"]
25-Aug-2018 18:12:25.481 정보 [Thread-5] org.apache.coyote.AbstractProtocol.pause Pausing ProtocolHandler ["ajp-nio-8009"]
25-Aug-2018 18:12:26.013 정보 [Thread-5] org.apache.catalina.core.StandardService.stopInternal Stopping service [Catalina]
25-Aug-2018 18:12:26.105 정보 [Thread-5] org.apache.coyote.AbstractProtocol.stop Stopping ProtocolHandler ["http-nio-8080"]
25-Aug-2018 18:12:26.113 정보 [Thread-5] org.apache.coyote.AbstractProtocol.stop Stopping ProtocolHandler ["ajp-nio-8009"]

2018-08-25 18:12:37 Commons Daemon procrun stderr initialized
25-Aug-2018 18:12:38.511 정보 [main] org.apache.catalina.startup.VersionLoggerListener.log Server version:        Apache Tomcat/9.0.11
25-Aug-2018 18:12:38.521 정보 [main] org.apache.catalina.startup.VersionLoggerListener.log Server built:          Aug 11 2018 19:47:23 UTC
25-Aug-2018 18:12:38.521 정보 [main] org.apache.catalina.startup.VersionLoggerListener.log Server number:         9.0.11.0
25-Aug-2018 18:12:38.521 정보 [main] org.apache.catalina.startup.VersionLoggerListener.log OS Name:               Windows 10
25-Aug-2018 18:12:38.522 정보 [main] org.apache.catalina.startup.VersionLoggerListener.log OS Version:            10.0
25-Aug-2018 18:12:38.522 정보 [main] org.apache.catalina.startup.VersionLoggerListener.log Architecture:          amd64
25-Aug-2018 18:12:38.522 정보 [main] org.apache.catalina.startup.VersionLoggerListener.log Java Home:             C:\Program Files\Java\jre-10.0.2
25-Aug-2018 18:12:38.523 정보 [main] org.apache.catalina.startup.VersionLoggerListener.log JVM Version:           10.0.2+13
25-Aug-2018 18:12:38.523 정보 [main] org.apache.catalina.startup.VersionLoggerListener.log JVM Vendor:            "Oracle Corporation"
25-Aug-2018 18:12:38.523 정보 [main] org.apache.catalina.startup.VersionLoggerListener.log CATALINA_BASE:         C:\Jsp\Tomcat 9.0
25-Aug-2018 18:12:38.525 정보 [main] org.apache.catalina.startup.VersionLoggerListener.log CATALINA_HOME:         C:\Jsp\Tomcat 9.0
25-Aug-2018 18:12:38.525 정보 [main] org.apache.catalina.startup.VersionLoggerListener.log Command line argument: -Dcatalina.home=C:\Jsp\Tomcat 9.0
25-Aug-2018 18:12:38.525 정보 [main] org.apache.catalina.startup.VersionLoggerListener.log Command line argument: -Dcatalina.base=C:\Jsp\Tomcat 9.0
25-Aug-2018 18:12:38.526 정보 [main] org.apache.catalina.startup.VersionLoggerListener.log Command line argument: -Djava.io.tmpdir=C:\Jsp\Tomcat 9.0\temp
25-Aug-2018 18:12:38.527 정보 [main] org.apache.catalina.startup.VersionLoggerListener.log Command line argument: -Djava.util.logging.manager=org.apache.juli.ClassLoaderLogManager
25-Aug-2018 18:12:38.527 정보 [main] org.apache.catalina.startup.VersionLoggerListener.log Command line argument: -Djava.util.logging.config.file=C:\Jsp\Tomcat 9.0\conf\logging.properties
25-Aug-2018 18:12:38.528 정보 [main] org.apache.catalina.startup.VersionLoggerListener.log Command line argument: --add-opens=java.base/java.lang=ALL-UNNAMED
25-Aug-2018 18:12:38.528 정보 [main] org.apache.catalina.startup.VersionLoggerListener.log Command line argument: --add-opens=java.base/java.io=ALL-UNNAMED
25-Aug-2018 18:12:38.529 정보 [main] org.apache.catalina.startup.VersionLoggerListener.log Command line argument: --add-opens=java.rmi/sun.rmi.transport=ALL-UNNAMED
25-Aug-2018 18:12:38.529 정보 [main] org.apache.catalina.startup.VersionLoggerListener.log Command line argument: exit
25-Aug-2018 18:12:38.529 정보 [main] org.apache.catalina.startup.VersionLoggerListener.log Command line argument: abort
25-Aug-2018 18:12:38.529 정보 [main] org.apache.catalina.startup.VersionLoggerListener.log Command line argument: -Xms128m
25-Aug-2018 18:12:38.529 정보 [main] org.apache.catalina.startup.VersionLoggerListener.log Command line argument: -Xmx256m
25-Aug-2018 18:12:38.529 정보 [main] org.apache.catalina.core.AprLifecycleListener.lifecycleEvent The APR based Apache Tomcat Native library which allows optimal performance in production environments was not found on the java.library.path: [C:\Jsp\Tomcat 9.0\bin;C:\WINDOWS\Sun\Java\bin;C:\WINDOWS\system32;C:\WINDOWS;C:\Program Files (x86)\Common Files\Oracle\Java\javapath;C:\Program Files (x86)\Intel\iCLS Client\;C:\Program Files\Intel\iCLS Client\;C:\WINDOWS\system32;C:\WINDOWS;C:\WINDOWS\System32\Wbem;C:\WINDOWS\System32\WindowsPowerShell\v1.0\;C:\Program Files (x86)\Intel\Intel(R) Management Engine Components\DAL;C:\Program Files\Intel\Intel(R) Management Engine Components\DAL;C:\Program Files (x86)\Intel\Intel(R) Management Engine Components\IPT;C:\Program Files\Intel\Intel(R) Management Engine Components\IPT;C:\WINDOWS\System32\OpenSSH\;C:\WINDOWS\system32\config\systemprofile\AppData\Local\Microsoft\WindowsApps;.]
25-Aug-2018 18:12:38.607 정보 [main] org.apache.coyote.AbstractProtocol.init Initializing ProtocolHandler ["http-nio-8080"]
25-Aug-2018 18:12:38.884 정보 [main] org.apache.tomcat.util.net.NioSelectorPool.getSharedSelector Using a shared selector for servlet write/read
25-Aug-2018 18:12:38.893 정보 [main] org.apache.coyote.AbstractProtocol.init Initializing ProtocolHandler ["ajp-nio-8009"]
25-Aug-2018 18:12:38.897 정보 [main] org.apache.tomcat.util.net.NioSelectorPool.getSharedSelector Using a shared selector for servlet write/read
25-Aug-2018 18:12:38.898 정보 [main] org.apache.catalina.startup.Catalina.load Initialization processed in 1019 ms
25-Aug-2018 18:12:39.000 정보 [main] org.apache.catalina.core.StandardService.startInternal Starting service [Catalina]
25-Aug-2018 18:12:39.000 정보 [main] org.apache.catalina.core.StandardEngine.startInternal Starting Servlet Engine: Apache Tomcat/9.0.11
25-Aug-2018 18:12:39.018 정보 [main] org.apache.catalina.startup.HostConfig.deployDirectory Deploying web application directory [C:\Jsp\Tomcat 9.0\webapps\docs]
25-Aug-2018 18:12:39.898 경고 [main] org.apache.catalina.util.SessionIdGeneratorBase.createSecureRandom Creation of SecureRandom instance for session ID generation using [SHA1PRNG] took [283] milliseconds.
25-Aug-2018 18:12:39.928 정보 [main] org.apache.catalina.startup.HostConfig.deployDirectory Deployment of web application directory [C:\Jsp\Tomcat 9.0\webapps\docs] has finished in [910] ms
25-Aug-2018 18:12:39.928 정보 [main] org.apache.catalina.startup.HostConfig.deployDirectory Deploying web application directory [C:\Jsp\Tomcat 9.0\webapps\manager]
25-Aug-2018 18:12:39.999 정보 [main] org.apache.catalina.startup.HostConfig.deployDirectory Deployment of web application directory [C:\Jsp\Tomcat 9.0\webapps\manager] has finished in [70] ms
25-Aug-2018 18:12:39.999 정보 [main] org.apache.catalina.startup.HostConfig.deployDirectory Deploying web application directory [C:\Jsp\Tomcat 9.0\webapps\ROOT]
25-Aug-2018 18:12:40.044 정보 [main] org.apache.catalina.startup.HostConfig.deployDirectory Deployment of web application directory [C:\Jsp\Tomcat 9.0\webapps\ROOT] has finished in [45] ms
25-Aug-2018 18:12:40.048 정보 [main] org.apache.coyote.AbstractProtocol.start Starting ProtocolHandler ["http-nio-8080"]
25-Aug-2018 18:12:40.066 정보 [main] org.apache.coyote.AbstractProtocol.start Starting ProtocolHandler ["ajp-nio-8009"]
25-Aug-2018 18:12:40.070 정보 [main] org.apache.catalina.startup.Catalina.start Server startup in 1172 ms

2018-08-25 18:44:50 Commons Daemon procrun stderr initialized
25-Aug-2018 18:44:51.437 정보 [main] org.apache.catalina.startup.VersionLoggerListener.log Server version:        Apache Tomcat/9.0.11
25-Aug-2018 18:44:51.457 정보 [main] org.apache.catalina.startup.VersionLoggerListener.log Server built:          Aug 11 2018 19:47:23 UTC
25-Aug-2018 18:44:51.458 정보 [main] org.apache.catalina.startup.VersionLoggerListener.log Server number:         9.0.11.0
25-Aug-2018 18:44:51.459 정보 [main] org.apache.catalina.startup.VersionLoggerListener.log OS Name:               Windows 10
25-Aug-2018 18:44:51.459 정보 [main] org.apache.catalina.startup.VersionLoggerListener.log OS Version:            10.0
25-Aug-2018 18:44:51.459 정보 [main] org.apache.catalina.startup.VersionLoggerListener.log Architecture:          amd64
25-Aug-2018 18:44:51.460 정보 [main] org.apache.catalina.startup.VersionLoggerListener.log Java Home:             C:\Program Files\Java\jre-10.0.2
25-Aug-2018 18:44:51.461 정보 [main] org.apache.catalina.startup.VersionLoggerListener.log JVM Version:           10.0.2+13
25-Aug-2018 18:44:51.462 정보 [main] org.apache.catalina.startup.VersionLoggerListener.log JVM Vendor:            "Oracle Corporation"
25-Aug-2018 18:44:51.464 정보 [main] org.apache.catalina.startup.VersionLoggerListener.log CATALINA_BASE:         C:\Jsp\Tomcat 9.0
25-Aug-2018 18:44:51.464 정보 [main] org.apache.catalina.startup.VersionLoggerListener.log CATALINA_HOME:         C:\Jsp\Tomcat 9.0
25-Aug-2018 18:44:51.465 정보 [main] org.apache.catalina.startup.VersionLoggerListener.log Command line argument: -Dcatalina.home=C:\Jsp\Tomcat 9.0
25-Aug-2018 18:44:51.465 정보 [main] org.apache.catalina.startup.VersionLoggerListener.log Command line argument: -Dcatalina.base=C:\Jsp\Tomcat 9.0
25-Aug-2018 18:44:51.466 정보 [main] org.apache.catalina.startup.VersionLoggerListener.log Command line argument: -Djava.io.tmpdir=C:\Jsp\Tomcat 9.0\temp
25-Aug-2018 18:44:51.466 정보 [main] org.apache.catalina.startup.VersionLoggerListener.log Command line argument: -Djava.util.logging.manager=org.apache.juli.ClassLoaderLogManager
25-Aug-2018 18:44:51.467 정보 [main] org.apache.catalina.startup.VersionLoggerListener.log Command line argument: -Djava.util.logging.config.file=C:\Jsp\Tomcat 9.0\conf\logging.properties
25-Aug-2018 18:44:51.468 정보 [main] org.apache.catalina.startup.VersionLoggerListener.log Command line argument: --add-opens=java.base/java.lang=ALL-UNNAMED
25-Aug-2018 18:44:51.468 정보 [main] org.apache.catalina.startup.VersionLoggerListener.log Command line argument: --add-opens=java.base/java.io=ALL-UNNAMED
25-Aug-2018 18:44:51.468 정보 [main] org.apache.catalina.startup.VersionLoggerListener.log Command line argument: --add-opens=java.rmi/sun.rmi.transport=ALL-UNNAMED
25-Aug-2018 18:44:51.468 정보 [main] org.apache.catalina.startup.VersionLoggerListener.log Command line argument: exit
25-Aug-2018 18:44:51.468 정보 [main] org.apache.catalina.startup.VersionLoggerListener.log Command line argument: abort
25-Aug-2018 18:44:51.469 정보 [main] org.apache.catalina.startup.VersionLoggerListener.log Command line argument: -Xms128m
25-Aug-2018 18:44:51.469 정보 [main] org.apache.catalina.startup.VersionLoggerListener.log Command line argument: -Xmx256m
25-Aug-2018 18:44:51.469 정보 [main] org.apache.catalina.core.AprLifecycleListener.lifecycleEvent The APR based Apache Tomcat Native library which allows optimal performance in production environments was not found on the java.library.path: [C:\Jsp\Tomcat 9.0\bin;C:\WINDOWS\Sun\Java\bin;C:\WINDOWS\system32;C:\WINDOWS;C:\Program Files (x86)\Common Files\Oracle\Java\javapath;C:\Program Files (x86)\Intel\iCLS Client\;C:\Program Files\Intel\iCLS Client\;C:\WINDOWS\system32;C:\WINDOWS;C:\WINDOWS\System32\Wbem;C:\WINDOWS\System32\WindowsPowerShell\v1.0\;C:\Program Files (x86)\Intel\Intel(R) Management Engine Components\DAL;C:\Program Files\Intel\Intel(R) Management Engine Components\DAL;C:\Program Files (x86)\Intel\Intel(R) Management Engine Components\IPT;C:\Program Files\Intel\Intel(R) Management Engine Components\IPT;C:\WINDOWS\System32\OpenSSH\;C:\WINDOWS\system32\config\systemprofile\AppData\Local\Microsoft\WindowsApps;.]
25-Aug-2018 18:44:51.544 정보 [main] org.apache.coyote.AbstractProtocol.init Initializing ProtocolHandler ["http-nio-8080"]
25-Aug-2018 18:44:51.796 정보 [main] org.apache.tomcat.util.net.NioSelectorPool.getSharedSelector Using a shared selector for servlet write/read
25-Aug-2018 18:44:51.807 정보 [main] org.apache.coyote.AbstractProtocol.init Initializing ProtocolHandler ["ajp-nio-8009"]
25-Aug-2018 18:44:51.811 정보 [main] org.apache.tomcat.util.net.NioSelectorPool.getSharedSelector Using a shared selector for servlet write/read
25-Aug-2018 18:44:51.811 정보 [main] org.apache.catalina.startup.Catalina.load Initialization processed in 1136 ms
25-Aug-2018 18:44:51.928 정보 [main] org.apache.catalina.core.StandardService.startInternal Starting service [Catalina]
25-Aug-2018 18:44:51.928 정보 [main] org.apache.catalina.core.StandardEngine.startInternal Starting Servlet Engine: Apache Tomcat/9.0.11
25-Aug-2018 18:44:51.946 정보 [main] org.apache.catalina.startup.HostConfig.deployDirectory Deploying web application directory [C:\Jsp\Tomcat 9.0\webapps\docs]
25-Aug-2018 18:44:52.791 경고 [main] org.apache.catalina.util.SessionIdGeneratorBase.createSecureRandom Creation of SecureRandom instance for session ID generation using [SHA1PRNG] took [283] milliseconds.
25-Aug-2018 18:44:52.857 정보 [main] org.apache.catalina.startup.HostConfig.deployDirectory Deployment of web application directory [C:\Jsp\Tomcat 9.0\webapps\docs] has finished in [910] ms
25-Aug-2018 18:44:52.858 정보 [main] org.apache.catalina.startup.HostConfig.deployDirectory Deploying web application directory [C:\Jsp\Tomcat 9.0\webapps\manager]
25-Aug-2018 18:44:52.960 정보 [main] org.apache.catalina.startup.HostConfig.deployDirectory Deployment of web application directory [C:\Jsp\Tomcat 9.0\webapps\manager] has finished in [103] ms
25-Aug-2018 18:44:52.960 정보 [main] org.apache.catalina.startup.HostConfig.deployDirectory Deploying web application directory [C:\Jsp\Tomcat 9.0\webapps\ROOT]
25-Aug-2018 18:44:53.010 정보 [main] org.apache.catalina.startup.HostConfig.deployDirectory Deployment of web application directory [C:\Jsp\Tomcat 9.0\webapps\ROOT] has finished in [50] ms
25-Aug-2018 18:44:53.014 정보 [main] org.apache.coyote.AbstractProtocol.start Starting ProtocolHandler ["http-nio-8080"]
25-Aug-2018 18:44:53.036 정보 [main] org.apache.coyote.AbstractProtocol.start Starting ProtocolHandler ["ajp-nio-8009"]
25-Aug-2018 18:44:53.043 정보 [main] org.apache.catalina.startup.Catalina.start Server startup in 1231 ms
25-Aug-2018 18:46:45.945 정보 [Thread-5] org.apache.coyote.AbstractProtocol.pause Pausing ProtocolHandler ["http-nio-8080"]
25-Aug-2018 18:46:46.169 정보 [Thread-5] org.apache.coyote.AbstractProtocol.pause Pausing ProtocolHandler ["ajp-nio-8009"]
25-Aug-2018 18:46:46.375 정보 [Thread-5] org.apache.catalina.core.StandardService.stopInternal Stopping service [Catalina]
25-Aug-2018 18:46:46.412 정보 [Thread-5] org.apache.coyote.AbstractProtocol.stop Stopping ProtocolHandler ["http-nio-8080"]
25-Aug-2018 18:46:46.416 정보 [Thread-5] org.apache.coyote.AbstractProtocol.stop Stopping ProtocolHandler ["ajp-nio-8009"]
